 S 00600aa0,1 21
 S 7ff000398,8 17
 S 7ff000390,8 7
 S 7ff000378,8 16
 S 7ff000370,8 19
 S 7ff000384,4 25
 L 7ff000384,4 3
 S 7ff000388,4 23
 L 7ff000388,4 4
 L 7ff000384,4 0
 L 7ff000378,8 16
 L 7ff000388,4 6
 L 00600a20,4 30
 S 7ff00038c,4 14
 L 7ff000388,4 4
 L 7ff000370,8 17
 L 7ff000384,4 8
 L 7ff00038c,4 26
 S 00600a60,4 7
 S 7ff000388,4 6
 L 7ff000388,4 29
 L 7ff000384,4 11
 L 7ff000378,8 29
 L 7ff000388,4 16
 L 00600a24,4 15
 S 7ff00038c,4 19
 L 7ff000388,4 25
 L 7ff000370,8 13
 L 7ff000384,4 31
 L 7ff00038c,4 3
 S 00600a70,4 0
 L 7ff000388,4 11
 L 7ff000388,4 9
 L 7ff000384,4 20
 L 7ff000378,8 23
 L 7ff000388,4 30
 L 00600a28,4 1
 S 7ff00038c,4 23
 L 7ff000388,4 9
 L 7ff000370,8 7
 L 7ff000384,4 16
 L 7ff00038c,4 2
 S 00600a80,4 9
 L 7ff000388,4 7
 L 7ff000388,4 18
 L 7ff000384,4 23
 L 7ff000378,8 28
 L 7ff000388,4 16
 L 00600a2c,4 30
 S 7ff00038c,4 2
 L 7ff000388,4 27
 L 7ff000370,8 19
 L 7ff000384,4 26
 L 7ff00038c,4 19
 S 00600a90,4 12
 L 7ff000388,4 4
 L 7ff000388,4 8
 S 7ff000384,4 20
 L 7ff000384,4 17
 S 7ff000388,4 10
 L 7ff000388,4 9
 L 7ff000384,4 0
 L 7ff000378,8 17
 L 7ff000388,4 22
 L 00600a30,4 28
 S 7ff00038c,4 18
 L 7ff000388,4 2
 L 7ff000370,8 2
 L 7ff000384,4 19
 L 7ff00038c,4 30
 S 00600a64,4 15
 L 7ff000388,4 8
 L 7ff000388,4 24
 L 7ff000384,4 12
 L 7ff000378,8 21
 L 7ff000388,4 23
 L 00600a34,4 2
 S 7ff00038c,4 10
 L 7ff000388,4 29
 L 7ff000370,8 2
 L 7ff000384,4 17
 L 7ff00038c,4 29
 S 00600a74,4 25
 S 7ff000388,4 22
 L 7ff000388,4 18
 L 7ff000384,4 31
 L 7ff000378,8 4
 L 7ff000388,4 4
 L 00600a38,4 18
 S 7ff00038c,4 28
 L 7ff000388,4 27
 L 7ff000370,8 28
 L 7ff000384,4 24
 L 7ff00038c,4 20
 S 00600a84,4 24
 L 7ff000388,4 16
 L 7ff000388,4 12
 L 7ff000384,4 8
 L 7ff000378,8 1
 L 7ff000388,4 4
 L 00600a3c,4 1
 S 7ff00038c,4 4
 L 7ff000388,4 0
 L 7ff000370,8 4
 L 7ff000384,4 28
 L 7ff00038c,4 3
 S 00600a94,4 2
 S 7ff000388,4 10
 L 7ff000388,4 16
 S 7ff000384,4 2
 L 7ff000384,4 19
 S 7ff000388,4 7
 L 7ff000388,4 27
 L 7ff000384,4 21
 L 7ff000378,8 9
 L 7ff000388,4 3
 L 00600a40,4 23
 S 7ff00038c,4 1
 L 7ff000388,4 4
 L 7ff000370,8 0
 L 7ff000384,4 1
 L 7ff00038c,4 16
 S 00600a68,4 24
 S 7ff000388,4 26
 L 7ff000388,4 1
 L 7ff000384,4 18
 L 7ff000378,8 25
 L 7ff000388,4 3
 L 00600a44,4 13
 S 7ff00038c,4 28
 L 7ff000388,4 22
 L 7ff000370,8 29
 L 7ff000384,4 13
 L 7ff00038c,4 16
 S 00600a78,4 6
 S 7ff000388,4 20
 L 7ff000388,4 10
 L 7ff000384,4 4
 L 7ff000378,8 21
 L 7ff000388,4 12
 L 00600a48,4 15
 S 7ff00038c,4 12
 L 7ff000388,4 25
 L 7ff000370,8 8
 L 7ff000384,4 0
 L 7ff00038c,4 30
 S 00600a88,4 2
 L 7ff000388,4 6
 L 7ff000388,4 24
 L 7ff000384,4 10
 L 7ff000378,8 10
 L 7ff000388,4 12
 L 00600a4c,4 19
 S 7ff00038c,4 9
 L 7ff000388,4 2
 L 7ff000370,8 27
 L 7ff000384,4 16
 L 7ff00038c,4 5
 S 00600a98,4 21
 L 7ff000388,4 30
 L 7ff000388,4 7
 S 7ff000384,4 24
 L 7ff000384,4 14
 S 7ff000388,4 16
 L 7ff000388,4 20
 L 7ff000384,4 6
 L 7ff000378,8 18
 L 7ff000388,4 9
 L 00600a50,4 13
 S 7ff00038c,4 4
 L 7ff000388,4 24
 L 7ff000370,8 11
 L 7ff000384,4 9
 L 7ff00038c,4 31
 S 00600a6c,4 4
 L 7ff000388,4 24
 L 7ff000388,4 30
 L 7ff000384,4 9
 L 7ff000378,8 10
 L 7ff000388,4 28
 L 00600a54,4 11
 S 7ff00038c,4 30
 L 7ff000388,4 9
 L 7ff000370,8 16
 L 7ff000384,4 16
 L 7ff00038c,4 16
 S 00600a7c,4 22
 S 7ff000388,4 10
 L 7ff000388,4 18
 L 7ff000384,4 22
 L 7ff000378,8 2
 L 7ff000388,4 6
 L 00600a58,4 6
 S 7ff00038c,4 1
 L 7ff000388,4 4
 L 7ff000370,8 21
 L 7ff000384,4 30
 L 7ff00038c,4 0
 S 00600a8c,4 3
 S 7ff000388,4 11
 L 7ff000388,4 28
 L 7ff000384,4 18
 L 7ff000378,8 15
 L 7ff000388,4 19
 L 00600a5c,4 17
 S 7ff00038c,4 16
 L 7ff000388,4 0
 L 7ff000370,8 26
 L 7ff000384,4 18
 L 7ff00038c,4 15
 S 00600a9c,4 3
 S 7ff000388,4 10
 L 7ff000388,4 29
 L 7ff000384,4 16
 L 7ff000384,4 27
 L 7ff000390,8 24
 L 7ff000398,8 25
 L 00600aa0,1 29
